<?xml version="1.0" encoding="UTF-8"?>
<!-- Generated by org.testng.reporters.JUnitReportReporter -->
<testsuite skipped="0" hostname="EMLPT0033" name="com.heroApplication.testCases.AddCustomFieldsManagementTestCase" tests="1" failures="0" timestamp="2022-03-21T11:17:59 IST" time="25.272" errors="0">
  <testcase name="verifyRegWithSpousePln" time="25.272" classname="com.heroApplication.testCases.AddCustomFieldsManagementTestCase"/>
  <system-out/>
</testsuite> <!-- com.heroApplication.testCases.AddCustomFieldsManagementTestCase -->
