<?xml version="1.0" encoding="UTF-8"?>
<!-- Generated by org.testng.reporters.JUnitReportReporter -->
<testsuite skipped="0" hostname="EMLPT0033" name="com.heroApplication.testCases.DrugsManagementTestCase" tests="1" failures="0" timestamp="2022-03-17T11:42:00 IST" time="44.130" errors="0">
  <testcase name="drugsManagement" time="44.130" classname="com.heroApplication.testCases.DrugsManagementTestCase"/>
  <system-out/>
</testsuite> <!-- com.heroApplication.testCases.DrugsManagementTestCase -->
