<?xml version="1.0" encoding="UTF-8"?>
<!-- Generated by org.testng.reporters.JUnitReportReporter -->
<testsuite skipped="0" hostname="DESKTOP-72RT92K" name="Banking.com.Guru99APP.Testtt" tests="1" failures="0" timestamp="2020-05-06T03:42:28 IST" time="0.029" errors="0">
  <testcase name="checked" time="0.029" classname="Banking.com.Guru99APP.Testtt"/>
  <system-out/>
</testsuite> <!-- Banking.com.Guru99APP.Testtt -->
