<?xml version="1.0" encoding="UTF-8"?>
<!-- Generated by org.testng.reporters.JUnitReportReporter -->
<testsuite skipped="0" hostname="DESKTOP-72RT92K" name="com.Guru99APP.Config.StartBrowser" tests="1" failures="0" timestamp="2020-05-06T19:26:48 IST" time="2.434" errors="0">
  <testcase name="check" time="2.434" classname="com.Guru99APP.Config.StartBrowser"/>
  <system-out/>
</testsuite> <!-- com.Guru99APP.Config.StartBrowser -->
