<?xml version="1.0" encoding="UTF-8"?>
<!-- Generated by org.testng.reporters.JUnitReportReporter -->
<testsuite skipped="0" hostname="DESKTOP-72RT92K" name="com.hero.testCasesAK.addCarrierTestCase" tests="1" failures="0" timestamp="2021-09-15T17:01:10 IST" time="28.380" errors="0">
  <testcase name="addCarrierTest" time="28.380" classname="com.hero.testCasesAK.addCarrierTestCase"/>
  <system-out/>
</testsuite> <!-- com.hero.testCasesAK.addCarrierTestCase -->
