<?xml version="1.0" encoding="UTF-8"?>
<!-- Generated by org.testng.reporters.JUnitReportReporter -->
<testsuite hostname="EMLPT0033" failures="0" tests="1" name="com.hero.testCasesSD.ChangePasswordTestCase" time="32.873" errors="0" timestamp="2022-03-09T13:19:25 IST" skipped="0">
  <testcase classname="com.hero.testCasesSD.ChangePasswordTestCase" name="ChangePassword" time="32.873"/>
  <system-out/>
</testsuite> <!-- com.hero.testCasesSD.ChangePasswordTestCase -->
