<?xml version="1.0" encoding="UTF-8"?>
<!-- Generated by org.testng.reporters.JUnitReportReporter -->
<testsuite skipped="0" hostname="EMLPT0033" name="com.heroApplication.testCases.AddParityPlansTestCase" tests="1" failures="0" timestamp="2022-03-16T15:39:18 IST" time="46.227" errors="0">
  <testcase name="addParityPlans" time="46.227" classname="com.heroApplication.testCases.AddParityPlansTestCase"/>
  <system-out/>
</testsuite> <!-- com.heroApplication.testCases.AddParityPlansTestCase -->
