<?xml version="1.0" encoding="UTF-8"?>
<!-- Generated by org.testng.reporters.JUnitReportReporter -->
<testsuite skipped="0" hostname="DESKTOP-72RT92K" name="com.hero.testCases.ValidationAddUsersTestCases" tests="6" failures="0" timestamp="2021-09-21T16:31:15 IST" time="92.514" errors="0">
  <testcase name="addUserTest" time="20.882" classname="com.hero.testCases.ValidationAddUsersTestCases"/>
  <system-out/>
  <testcase name="validationUserAdminTest" time="16.283" classname="com.hero.testCases.ValidationAddUsersTestCases"/>
  <system-out/>
  <testcase name="validationUserCarrierTest" time="14.888" classname="com.hero.testCases.ValidationAddUsersTestCases"/>
  <system-out/>
  <testcase name="validationUserBrokerTest" time="12.379" classname="com.hero.testCases.ValidationAddUsersTestCases"/>
  <system-out/>
  <testcase name="validationUserGatekeeperTest" time="13.609" classname="com.hero.testCases.ValidationAddUsersTestCases"/>
  <system-out/>
  <testcase name="validationUserSalespersonTest" time="14.473" classname="com.hero.testCases.ValidationAddUsersTestCases"/>
  <system-out/>
</testsuite> <!-- com.hero.testCases.ValidationAddUsersTestCases -->
