<?xml version="1.0" encoding="UTF-8"?>
<!-- Generated by org.testng.reporters.JUnitReportReporter -->
<testsuite hostname="EMLPT0033" failures="0" tests="1" name="com.heroApplication.testCases.UpdateContactInformationTestCase" time="32.494" errors="0" timestamp="2022-03-24T12:36:06 IST" skipped="0">
  <testcase classname="com.heroApplication.testCases.UpdateContactInformationTestCase" name="updateContactInformation" time="32.494"/>
  <system-out/>
</testsuite> <!-- com.heroApplication.testCases.UpdateContactInformationTestCase -->
