<?xml version="1.0" encoding="UTF-8"?>
<!-- Generated by org.testng.reporters.JUnitReportReporter -->
<testsuite skipped="0" hostname="EMLPT0033" name="com.hero.testCasesSD.AddCustomFieldsManagementTestCase" tests="1" failures="0" timestamp="2022-03-16T11:10:15 IST" time="48.241" errors="0">
  <testcase name="verifyRegWithSpousePln" time="48.241" classname="com.hero.testCasesSD.AddCustomFieldsManagementTestCase"/>
  <system-out/>
</testsuite> <!-- com.hero.testCasesSD.AddCustomFieldsManagementTestCase -->
