<?xml version="1.0" encoding="UTF-8"?>
<!-- Generated by org.testng.reporters.JUnitReportReporter -->
<testsuite hostname="EMLPT0033" failures="0" tests="1" name="com.heroApplication.testCases.ValidationCheckTestCaseCurv" time="27.699" errors="0" timestamp="2022-03-24T15:29:25 IST" skipped="0">
  <testcase classname="com.heroApplication.testCases.ValidationCheckTestCaseCurv" name="verifyRegWithSpousePln" time="27.699"/>
  <system-out/>
</testsuite> <!-- com.heroApplication.testCases.ValidationCheckTestCaseCurv -->
