<?xml version="1.0" encoding="UTF-8"?>
<!-- Generated by org.testng.reporters.JUnitReportReporter -->
<testsuite skipped="0" hostname="EMLPT0033" name="com.heroApplication.testCases.EditCarrierTestCase" tests="1" failures="0" timestamp="2022-03-15T18:49:41 IST" time="32.800" errors="0">
  <testcase name="EditCarrierTest" time="32.800" classname="com.heroApplication.testCases.EditCarrierTestCase"/>
  <system-out/>
</testsuite> <!-- com.heroApplication.testCases.EditCarrierTestCase -->
