<?xml version="1.0" encoding="UTF-8"?>
<!-- Generated by org.testng.reporters.JUnitReportReporter -->
<testsuite skipped="0" hostname="DESKTOP-72RT92K" name="com.hero.testCases.NotEligible" tests="1" failures="0" timestamp="2020-08-24T00:04:35 IST" time="51.624" errors="0">
  <testcase name="verifyRegWithSpousePln" time="51.624" classname="com.hero.testCases.NotEligible"/>
  <system-out/>
</testsuite> <!-- com.hero.testCases.NotEligible -->
