<?xml version="1.0" encoding="UTF-8"?>
<!-- Generated by org.testng.reporters.JUnitReportReporter -->
<testsuite skipped="0" hostname="DESKTOP-72RT92K" name="com.hero.testCases.addBrokererTestCase" tests="5" failures="0" timestamp="2021-09-21T09:59:39 IST" time="127.881" errors="0">
  <testcase name="addAdminTest" time="30.890" classname="com.hero.testCases.addBrokererTestCase"/>
  <system-out/>
  <testcase name="addCarrierTest" time="28.823" classname="com.hero.testCases.addBrokererTestCase"/>
  <system-out/>
  <testcase name="addBrokerTest" time="22.502" classname="com.hero.testCases.addBrokererTestCase"/>
  <system-out/>
  <testcase name="addGatekeeperTest" time="23.082" classname="com.hero.testCases.addBrokererTestCase"/>
  <system-out/>
  <testcase name="addSalespersonTest" time="22.584" classname="com.hero.testCases.addBrokererTestCase"/>
  <system-out/>
</testsuite> <!-- com.hero.testCases.addBrokererTestCase -->
