<?xml version="1.0" encoding="UTF-8"?>
<!-- Generated by org.testng.reporters.JUnitReportReporter -->
<testsuite hostname="EMLPT0033" failures="0" tests="1" name="com.heroApplication.testCases.addCarrierTestCase" time="37.177" errors="0" timestamp="2022-03-15T16:54:27 IST" skipped="0">
  <testcase classname="com.heroApplication.testCases.addCarrierTestCase" name="addCarrierTest" time="37.177"/>
  <system-out/>
</testsuite> <!-- com.heroApplication.testCases.addCarrierTestCase -->
