<?xml version="1.0" encoding="UTF-8"?>
<!-- Generated by org.testng.reporters.JUnitReportReporter -->
<testsuite hostname="EMLPT0033" failures="0" tests="1" name="com.hero.testCasesSD.CompanyDetailPageCensusUploadTestCase" time="139.288" errors="0" timestamp="2022-03-09T15:27:55 IST" skipped="0">
  <testcase classname="com.hero.testCasesSD.CompanyDetailPageCensusUploadTestCase" name="verifyRegWithSpousePln" time="139.288"/>
  <system-out/>
</testsuite> <!-- com.hero.testCasesSD.CompanyDetailPageCensusUploadTestCase -->
