<?xml version="1.0" encoding="UTF-8"?>
<!-- Generated by org.testng.reporters.JUnitReportReporter -->
<testsuite hostname="EMLPT0033" failures="0" tests="1" name="com.heroApplication.testCases.StartQuoteTestCase" time="40.681" errors="0" timestamp="2022-03-23T15:38:29 IST" skipped="0">
  <testcase classname="com.heroApplication.testCases.StartQuoteTestCase" name="verifyRegWithSpousePln" time="40.681"/>
  <system-out/>
</testsuite> <!-- com.heroApplication.testCases.StartQuoteTestCase -->
