<?xml version="1.0" encoding="UTF-8"?>
<!-- Generated by org.testng.reporters.JUnitReportReporter -->
<testsuite hostname="EMLPT0033" failures="0" tests="1" name="com.hero.testCasesMK.EditPeoTestCase" time="28.789" errors="0" timestamp="2022-03-15T13:22:23 IST" skipped="0">
  <testcase classname="com.hero.testCasesMK.EditPeoTestCase" name="verifyRegWithSpousePln" time="28.789"/>
  <system-out/>
</testsuite> <!-- com.hero.testCasesMK.EditPeoTestCase -->
