<?xml version="1.0" encoding="UTF-8"?>
<!-- Generated by org.testng.reporters.JUnitReportReporter -->
<testsuite hostname="EMLPT0033" failures="0" tests="1" name="com.heroApplication.testCases.CompanyDetailPageViewSubbmissionTestCase" time="33.303" errors="0" timestamp="2022-03-24T16:09:31 IST" skipped="0">
  <testcase classname="com.heroApplication.testCases.CompanyDetailPageViewSubbmissionTestCase" name="verifyRegWithSpousePln" time="33.303"/>
  <system-out/>
</testsuite> <!-- com.heroApplication.testCases.CompanyDetailPageViewSubbmissionTestCase -->
