<?xml version="1.0" encoding="UTF-8"?>
<!-- Generated by org.testng.reporters.JUnitReportReporter -->
<testsuite skipped="0" hostname="DESKTOP-72RT92K" name="com.hero.testCases.TC_RegSelOtherReason_014" tests="1" failures="0" timestamp="2021-09-22T13:11:02 IST" time="48.132" errors="0">
  <testcase name="verifyRegWithOtherReason" time="48.132" classname="com.hero.testCases.TC_RegSelOtherReason_014"/>
  <system-out/>
</testsuite> <!-- com.hero.testCases.TC_RegSelOtherReason_014 -->
