<?xml version="1.0" encoding="UTF-8"?>
<!-- Generated by org.testng.reporters.JUnitReportReporter -->
<testsuite skipped="0" hostname="DESKTOP-72RT92K" name="com.hero.testCases2.TC_RegForm1HealthInsPlnNoWithWvngCovgReason_002" tests="10" failures="0" timestamp="2021-09-22T12:18:18 IST" time="390.296" errors="0">
  <testcase name="verifyRegWithMedicaid" time="25.812" classname="com.hero.testCases2.TC_RegForm1HealthInsPlnNoWithWvngCovgReason_002"/>
  <system-out/>
  <testcase name="verifyRegWithSpousePln" time="42.267" classname="com.hero.testCases2.TC_RegForm1HealthInsPlnNoWithWvngCovgReason_002"/>
  <system-out/>
  <testcase name="verifyRegWithVeterans" time="47.464" classname="com.hero.testCases2.TC_RegForm1HealthInsPlnNoWithWvngCovgReason_002"/>
  <system-out/>
  <testcase name="verifyRegWithSUnderAnotherPln" time="41.110" classname="com.hero.testCases2.TC_RegForm1HealthInsPlnNoWithWvngCovgReason_002"/>
  <system-out/>
  <testcase name="verifyRegWithOtherReason" time="42.474" classname="com.hero.testCases2.TC_RegForm1HealthInsPlnNoWithWvngCovgReason_002"/>
  <system-out/>
  <testcase name="verifyRegWithMedicare" time="39.957" classname="com.hero.testCases2.TC_RegForm1HealthInsPlnNoWithWvngCovgReason_002"/>
  <system-out/>
  <testcase name="verifyRegWithWaitingPriod" time="40.224" classname="com.hero.testCases2.TC_RegForm1HealthInsPlnNoWithWvngCovgReason_002"/>
  <system-out/>
  <testcase name="verifyRegWithIndividual" time="40.312" classname="com.hero.testCases2.TC_RegForm1HealthInsPlnNoWithWvngCovgReason_002"/>
  <system-out/>
  <testcase name="verifyRegWithselNotEligible" time="24.253" classname="com.hero.testCases2.TC_RegForm1HealthInsPlnNoWithWvngCovgReason_002"/>
  <system-out/>
  <testcase name="verifyRegWithDoNotWantCoverage" time="46.423" classname="com.hero.testCases2.TC_RegForm1HealthInsPlnNoWithWvngCovgReason_002"/>
  <system-out/>
</testsuite> <!-- com.hero.testCases2.TC_RegForm1HealthInsPlnNoWithWvngCovgReason_002 -->
