<?xml version="1.0" encoding="UTF-8"?>
<!-- Generated by org.testng.reporters.JUnitReportReporter -->
<testsuite skipped="0" hostname="DESKTOP-72RT92K" name="com.Guru99APP.Config.Comanuses" tests="1" failures="0" timestamp="2020-05-07T10:49:16 IST" time="3.312" errors="0">
  <testcase name="login" time="3.312" classname="com.Guru99APP.Config.Comanuses"/>
  <system-out/>
</testsuite> <!-- com.Guru99APP.Config.Comanuses -->
