<?xml version="1.0" encoding="UTF-8"?>
<!-- Generated by org.testng.reporters.JUnitReportReporter -->
<testsuite skipped="0" hostname="DESKTOP-72RT92K" name="com.hero.testCases.TC_RegSelWaitingPriod_005" tests="1" failures="0" timestamp="2020-08-24T00:07:29 IST" time="51.683" errors="0">
  <testcase name="verifyRegWithSpousePln" time="51.683" classname="com.hero.testCases.TC_RegSelWaitingPriod_005"/>
  <system-out/>
</testsuite> <!-- com.hero.testCases.TC_RegSelWaitingPriod_005 -->
