<?xml version="1.0" encoding="UTF-8"?>
<!-- Generated by org.testng.reporters.JUnitReportReporter -->
<testsuite hostname="EMLPT0033" failures="0" tests="1" name="com.hero.utilities.Readconfig" time="0.006" errors="0" timestamp="2022-02-04T12:07:59 IST" skipped="0">
  <testcase classname="com.hero.utilities.Readconfig" name="Check" time="0.006"/>
  <system-out/>
</testsuite> <!-- com.hero.utilities.Readconfig -->
