<?xml version="1.0" encoding="UTF-8"?>
<!-- Generated by org.testng.reporters.JUnitReportReporter -->
<testsuite hostname="EMLPT0033" failures="0" tests="1" name="bavvyTestCases.AlertDemo" time="22.584" errors="0" timestamp="2022-02-02T13:12:06 IST" skipped="0">
  <testcase classname="bavvyTestCases.AlertDemo" name="alertDemoTest" time="22.584"/>
  <system-out/>
</testsuite> <!-- bavvyTestCases.AlertDemo -->
