<?xml version="1.0" encoding="UTF-8"?>
<!-- Generated by org.testng.reporters.JUnitReportReporter -->
<testsuite hostname="EMLPT0033" failures="0" tests="1" name="com.hero.testCasesMK.PeoValidationTestcase" time="45.725" errors="0" timestamp="2022-03-15T15:32:30 IST" skipped="0">
  <testcase classname="com.hero.testCasesMK.PeoValidationTestcase" name="PeoValidationTest" time="45.725"/>
  <system-out/>
</testsuite> <!-- com.hero.testCasesMK.PeoValidationTestcase -->
