<?xml version="1.0" encoding="UTF-8"?>
<!-- Generated by org.testng.reporters.JUnitReportReporter -->
<testsuite skipped="0" hostname="DESKTOP-72RT92K" name="com.hero.testCasesMK.addPeoTestCase" tests="1" failures="0" timestamp="2021-09-13T16:07:28 IST" time="69.634" errors="0">
  <testcase name="verifyRegWithSpousePln" time="69.634" classname="com.hero.testCasesMK.addPeoTestCase"/>
  <system-out/>
</testsuite> <!-- com.hero.testCasesMK.addPeoTestCase -->
