<?xml version="1.0" encoding="UTF-8"?>
<!-- Generated by org.testng.reporters.JUnitReportReporter -->
<testsuite hostname="EMLPT0033" failures="0" tests="1" name="com.heroApplication.testCases.CompanyDetailPageBatchUploadTestCase" time="41.540" errors="0" timestamp="2022-03-25T12:29:52 IST" skipped="0">
  <testcase classname="com.heroApplication.testCases.CompanyDetailPageBatchUploadTestCase" name="verifyRegWithSpousePln" time="41.540"/>
  <system-out/>
</testsuite> <!-- com.heroApplication.testCases.CompanyDetailPageBatchUploadTestCase -->
