<?xml version="1.0" encoding="UTF-8"?>
<!-- Generated by org.testng.reporters.JUnitReportReporter -->
<testsuite skipped="0" hostname="DESKTOP-72RT92K" name="com.hero.testCasesAK.addUserAdminTestCase" tests="1" failures="0" timestamp="2021-07-22T18:45:54 IST" time="46.200" errors="0">
  <testcase name="addUserAdminTest" time="46.200" classname="com.hero.testCasesAK.addUserAdminTestCase"/>
  <system-out/>
</testsuite> <!-- com.hero.testCasesAK.addUserAdminTestCase -->
