<?xml version="1.0" encoding="UTF-8"?>
<!-- Generated by org.testng.reporters.JUnitReportReporter -->
<testsuite skipped="0" hostname="DESKTOP-72RT92K" name="com.hero.testCases.TestCheck" tests="1" failures="0" timestamp="2020-08-15T12:49:40 IST" time="41.642" errors="0">
  <testcase name="Test1" time="41.642" classname="com.hero.testCases.TestCheck"/>
  <system-out/>
</testsuite> <!-- com.hero.testCases.TestCheck -->
