<?xml version="1.0" encoding="UTF-8"?>
<!-- Generated by org.testng.reporters.JUnitReportReporter -->
<testsuite skipped="0" hostname="DESKTOP-72RT92K" name="com.hero.testCases.TC_RegSelWaitingPriod_010" tests="1" failures="0" timestamp="2020-08-24T00:19:47 IST" time="47.647" errors="0">
  <testcase name="verifyRegWithVeterans" time="47.647" classname="com.hero.testCases.TC_RegSelWaitingPriod_010"/>
  <system-out/>
</testsuite> <!-- com.hero.testCases.TC_RegSelWaitingPriod_010 -->
