<?xml version="1.0" encoding="UTF-8"?>
<!-- Generated by org.testng.reporters.JUnitReportReporter -->
<testsuite hostname="EMLPT0033" failures="0" tests="1" name="com.hero.testCasesSD.CompanyDetailPageBatchUploadTestCase" time="103.423" errors="0" timestamp="2022-03-09T13:25:04 IST" skipped="0">
  <testcase classname="com.hero.testCasesSD.CompanyDetailPageBatchUploadTestCase" name="verifyRegWithSpousePln" time="103.423"/>
  <system-out/>
</testsuite> <!-- com.hero.testCasesSD.CompanyDetailPageBatchUploadTestCase -->
