<?xml version="1.0" encoding="UTF-8"?>
<!-- Generated by org.testng.reporters.JUnitReportReporter -->
<testsuite skipped="0" hostname="DESKTOP-72RT92K" name="com.hero.testCases.TC_verifyRegUsingYesStep3_015" tests="1" failures="0" timestamp="2021-09-22T13:11:02 IST" time="258.155" errors="0">
  <testcase name="verifyRegUsingYesStep_3" time="258.155" classname="com.hero.testCases.TC_verifyRegUsingYesStep3_015"/>
  <system-out/>
</testsuite> <!-- com.hero.testCases.TC_verifyRegUsingYesStep3_015 -->
