<?xml version="1.0" encoding="UTF-8"?>
<!-- Generated by org.testng.reporters.JUnitReportReporter -->
<testsuite skipped="0" hostname="DESKTOP-72RT92K" name="com.hero.testCases2.TC_VerifyRegForm1MedCondTrtmntYes_003" tests="1" failures="0" timestamp="2021-09-22T12:28:32 IST" time="307.032" errors="0">
  <testcase name="VerifyRegForm1MedCondTrtmntYes_3" time="307.032" classname="com.hero.testCases2.TC_VerifyRegForm1MedCondTrtmntYes_003"/>
  <system-out/>
</testsuite> <!-- com.hero.testCases2.TC_VerifyRegForm1MedCondTrtmntYes_003 -->
