<?xml version="1.0" encoding="UTF-8"?>
<!-- Generated by org.testng.reporters.JUnitReportReporter -->
<testsuite hostname="EMLPT0033" failures="0" tests="1" name="bavvyTestCases.bavvyTestCases" time="39.700" errors="0" timestamp="2022-02-02T18:32:27 IST" skipped="0">
  <testcase classname="bavvyTestCases.bavvyTestCases" name="bavvyTest" time="39.700"/>
  <system-out/>
</testsuite> <!-- bavvyTestCases.bavvyTestCases -->
