<?xml version="1.0" encoding="UTF-8"?>
<!-- Generated by org.testng.reporters.JUnitReportReporter -->
<testsuite skipped="0" hostname="DESKTOP-72RT92K" name="com.hero.testCasesMK.EditPeoTestCase" tests="1" failures="0" timestamp="2021-09-14T17:03:05 IST" time="37.085" errors="0">
  <testcase name="verifyRegWithSpousePln" time="37.085" classname="com.hero.testCasesMK.EditPeoTestCase"/>
  <system-out/>
</testsuite> <!-- com.hero.testCasesMK.EditPeoTestCase -->
