<?xml version="1.0" encoding="UTF-8"?>
<!-- Generated by org.testng.reporters.JUnitReportReporter -->
<testsuite skipped="0" hostname="DESKTOP-72RT92K" name="com.Guru99APP.Utility.ExtentReportNG" tests="1" failures="0" timestamp="2020-05-06T02:35:42 IST" time="0.095" errors="0">
  <testcase name="Check" time="0.095" classname="com.Guru99APP.Utility.ExtentReportNG"/>
  <system-out/>
</testsuite> <!-- com.Guru99APP.Utility.ExtentReportNG -->
