<?xml version="1.0" encoding="UTF-8"?>
<!-- Generated by org.testng.reporters.JUnitReportReporter -->
<testsuite hostname="EMLPT0033" failures="0" tests="1" name="com.heroApplication.testCases.FormsTestCase" time="33.606" errors="0" timestamp="2022-03-22T11:33:15 IST" skipped="0">
  <testcase classname="com.heroApplication.testCases.FormsTestCase" name="forms" time="33.606"/>
  <system-out/>
</testsuite> <!-- com.heroApplication.testCases.FormsTestCase -->
