<?xml version="1.0" encoding="UTF-8"?>
<!-- Generated by org.testng.reporters.JUnitReportReporter -->
<testsuite skipped="0" hostname="DESKTOP-72RT92K" name="com.hero.testCases.TC_Registor_003" tests="1" failures="0" timestamp="2021-10-08T11:21:42 IST" time="53.665" errors="0">
  <testcase name="verifyRegistration" time="53.665" classname="com.hero.testCases.TC_Registor_003"/>
  <system-out/>
</testsuite> <!-- com.hero.testCases.TC_Registor_003 -->
