<?xml version="1.0" encoding="UTF-8"?>
<!-- Generated by org.testng.reporters.JUnitReportReporter -->
<testsuite hostname="EMLPT0033" failures="0" tests="1" name="bavvyTestCases.Demo2" time="0.006" errors="0" timestamp="2022-04-08T16:02:37 IST" skipped="0">
  <testcase classname="bavvyTestCases.Demo2" name="demo" time="0.006"/>
  <system-out/>
</testsuite> <!-- bavvyTestCases.Demo2 -->
