<?xml version="1.0" encoding="UTF-8"?>
<!-- Generated by org.testng.reporters.JUnitReportReporter -->
<testsuite hostname="EMLPT0033" failures="0" tests="1" name="com.heroApplication.testCases.EditPeoFullFeaturesTestCase" time="60.446" errors="0" timestamp="2022-03-15T13:18:04 IST" skipped="0">
  <testcase classname="com.heroApplication.testCases.EditPeoFullFeaturesTestCase" name="verifyRegWithSpousePln" time="60.446"/>
  <system-out/>
</testsuite> <!-- com.heroApplication.testCases.EditPeoFullFeaturesTestCase -->
