<?xml version="1.0" encoding="UTF-8"?>
<!-- Generated by org.testng.reporters.JUnitReportReporter -->
<testsuite skipped="0" hostname="DESKTOP-72RT92K" name="com.hero.testCases.Demo" tests="1" failures="0" timestamp="2020-08-24T11:37:52 IST" time="14.770" errors="0">
  <testcase name="test01" time="14.770" classname="com.hero.testCases.Demo"/>
  <system-out/>
</testsuite> <!-- com.hero.testCases.Demo -->
