<?xml version="1.0" encoding="UTF-8"?>
<!-- Generated by org.testng.reporters.JUnitReportReporter -->
<testsuite hostname="EMLPT0033" failures="0" tests="1" name="com.heroApplication.testCases.CompanyDetailPageCensusUploadTestCase" time="81.316" errors="0" timestamp="2022-03-25T12:51:21 IST" skipped="0">
  <testcase classname="com.heroApplication.testCases.CompanyDetailPageCensusUploadTestCase" name="verifyRegWithSpousePln" time="81.316"/>
  <system-out/>
</testsuite> <!-- com.heroApplication.testCases.CompanyDetailPageCensusUploadTestCase -->
