<?xml version="1.0" encoding="UTF-8"?>
<!-- Generated by org.testng.reporters.JUnitReportReporter -->
<testsuite hostname="EMLPT0033" failures="0" tests="1" name="com.hero.testCasesSD.CompanyDetailPageViewSubbmissionTestCase" time="32.278" errors="0" timestamp="2022-03-10T10:55:35 IST" skipped="0">
  <testcase classname="com.hero.testCasesSD.CompanyDetailPageViewSubbmissionTestCase" name="verifyRegWithSpousePln" time="32.278"/>
  <system-out/>
</testsuite> <!-- com.hero.testCasesSD.CompanyDetailPageViewSubbmissionTestCase -->
