<?xml version="1.0" encoding="UTF-8"?>
<!-- Generated by org.testng.reporters.JUnitReportReporter -->
<testsuite skipped="0" hostname="EMLPT0033" name="com.heroApplication.testCases.CompanyDetailPageBatchUploadTestCase" tests="1" failures="0" timestamp="2022-03-17T12:11:00 IST" time="40.496" errors="0">
  <testcase name="verifyRegWithSpousePln" time="40.496" classname="com.heroApplication.testCases.CompanyDetailPageBatchUploadTestCase"/>
  <system-out/>
</testsuite> <!-- com.heroApplication.testCases.CompanyDetailPageBatchUploadTestCase -->
