<?xml version="1.0" encoding="UTF-8"?>
<!-- Generated by org.testng.reporters.JUnitReportReporter -->
<testsuite hostname="EMLPT0033" failures="0" tests="1" name="com.hero.testCasesMK.EditCarrierTestCase" time="26.056" errors="0" timestamp="2022-03-15T11:29:04 IST" skipped="0">
  <testcase classname="com.hero.testCasesMK.EditCarrierTestCase" name="EditCarrierTest" time="26.056"/>
  <system-out/>
</testsuite> <!-- com.hero.testCasesMK.EditCarrierTestCase -->
