<?xml version="1.0" encoding="UTF-8"?>
<!-- Generated by org.testng.reporters.JUnitReportReporter -->
<testsuite skipped="0" hostname="DESKTOP-72RT92K" name="com.hero.testCases.TC_RegistorPage_001" tests="1" failures="0" timestamp="2020-08-17T02:48:26 IST" time="35.931" errors="0">
  <testcase name="verifyRegistration" time="35.931" classname="com.hero.testCases.TC_RegistorPage_001"/>
  <system-out/>
</testsuite> <!-- com.hero.testCases.TC_RegistorPage_001 -->
