<?xml version="1.0" encoding="UTF-8"?>
<!-- Generated by org.testng.reporters.JUnitReportReporter -->
<testsuite skipped="0" hostname="DESKTOP-72RT92K" name="com.hero.testCases.RegisterPage" tests="1" failures="0" timestamp="2020-08-16T01:37:04 IST" time="247.447" errors="0">
  <testcase name="Test02" time="247.447" classname="com.hero.testCases.RegisterPage"/>
  <system-out/>
</testsuite> <!-- com.hero.testCases.RegisterPage -->
