<?xml version="1.0" encoding="UTF-8"?>
<!-- Generated by org.testng.reporters.JUnitReportReporter -->
<testsuite hostname="EMLPT0033" failures="0" tests="1" name="com.hero.testCasesMK.addCarrierTestCase" time="33.766" errors="0" timestamp="2022-03-15T11:22:52 IST" skipped="0">
  <testcase classname="com.hero.testCasesMK.addCarrierTestCase" name="addCarrierTest" time="33.766"/>
  <system-out/>
</testsuite> <!-- com.hero.testCasesMK.addCarrierTestCase -->
