<?xml version="1.0" encoding="UTF-8"?>
<!-- Generated by org.testng.reporters.JUnitReportReporter -->
<testsuite hostname="EMLPT0033" failures="0" tests="1" name="com.heroPHQForm.testCases.TC_VerifyRegFormPHQ_IOWA_1MedCondTrtmntYes_003" time="0.085" errors="1" timestamp="2022-03-01T09:57:43 IST" skipped="0">
  <testcase classname="com.heroPHQForm.testCases.TC_VerifyRegFormPHQ_IOWA_1MedCondTrtmntYes_003" name="VerifyRegForm1MedCondTrtmntYes_3" time="0.085">
    <error message="Unresolved compilation problems: 
	The method clickOnRegisterLink(String, int) is undefined for the type PHQ_iowa_registerPage
	The method clickOnStartReg(String, int) is undefined for the type PHQ_iowa_registerPage
	The method setFirstName(String, int, String) is undefined for the type PHQ_iowa_registerPage
	The method setLastName(String, int, String) is undefined for the type PHQ_iowa_registerPage
	The method setSuffix(String, int, String) is undefined for the type PHQ_iowa_registerPage
	The method setMobNumber(String, int, String) is undefined for the type PHQ_iowa_registerPage
	The method setDateHire(String, int, String) is undefined for the type PHQ_iowa_registerPage
	The method clickOnHethInsYes(String, int) is undefined for the type PHQ_iowa_registerPage
	The method setDependent(String, int) is undefined for the type PHQ_iowa_registerPage
	The method setUserName(String, int, String) is undefined for the type PHQ_iowa_registerPage
	The method setPassword(String, int, String) is undefined for the type PHQ_iowa_registerPage
	The method setConfrmPswrd(String, int, String) is undefined for the type PHQ_iowa_registerPage
	The method setMaritalStatus(String, int) is undefined for the type PHQ_iowa_registerPage
	The method setEmpStatus(String, int) is undefined for the type PHQ_iowa_registerPage
	The method setDob(String, int, String) is undefined for the type PHQ_iowa_registerPage
	The method setEmailId(String, int, String) is undefined for the type PHQ_iowa_registerPage
	The method setAddress1(String, int, String) is undefined for the type PHQ_iowa_registerPage
	The method setAddress2(String, int, String) is undefined for the type PHQ_iowa_registerPage
	The method setCity(String, int, String) is undefined for the type PHQ_iowa_registerPage
	The method setState(String, int) is undefined for the type PHQ_iowa_registerPage
	The method setZip(String, int, String) is undefined for the type PHQ_iowa_registerPage
	The method clickOnNext(String, int) is undefined for the type PHQ_iowa_registerPage
	The method setSSN(String, int, String) is undefined for the type PHQ_iowa_registerPage
	The method setGender(String, int) is undefined for the type PHQ_iowa_registerPage
	The method setHeightFt(String, int, String) is undefined for the type PHQ_iowa_registerPage
	The method setHeightInch(String, int, String) is undefined for the type PHQ_iowa_registerPage
	The method setWeight(String, int, String) is undefined for the type PHQ_iowa_registerPage
	The method checkTmbacoLastYr(String, int) is undefined for the type PHQ_iowa_registerPage
	The method checkCoverageReq(String, int) is undefined for the type PHQ_iowa_registerPage
	The method clickOnHethInsCoverageYes(String, int) is undefined for the type PHQ_iowa_registerPage
	The method clickOnNext(String, int) is undefined for the type PHQ_iowa_registerPage
	The method clickOnMedConListYes(String, int) is undefined for the type PHQ_iowa_registerPage
	The method clickOnMedConListNo(String, int) is undefined for the type PHQ_iowa_registerPage
	The method clickOnNext(String, int) is undefined for the type PHQ_iowa_registerPage
	The method clickOnNext(String, int) is undefined for the type PHQ_iowa_registerPage
	The method clickOnElecSign(String, int) is undefined for the type PHQ_iowa_registerPage
	The method clickOnSubmitbtn(String, int) is undefined for the type PHQ_iowa_registerPage
	The method verifyRegSubmis(String, int) is undefined for the type PHQ_iowa_registerPage
" type="java.lang.Error">
      <![CDATA[java.lang.Error: Unresolved compilation problems: 
The method clickOnRegisterLink(String, int) is undefined for the type PHQ_iowa_registerPage
The method clickOnStartReg(String, int) is undefined for the type PHQ_iowa_registerPage
The method setFirstName(String, int, String) is undefined for the type PHQ_iowa_registerPage
The method setLastName(String, int, String) is undefined for the type PHQ_iowa_registerPage
The method setSuffix(String, int, String) is undefined for the type PHQ_iowa_registerPage
The method setMobNumber(String, int, String) is undefined for the type PHQ_iowa_registerPage
The method setDateHire(String, int, String) is undefined for the type PHQ_iowa_registerPage
The method clickOnHethInsYes(String, int) is undefined for the type PHQ_iowa_registerPage
The method setDependent(String, int) is undefined for the type PHQ_iowa_registerPage
The method setUserName(String, int, String) is undefined for the type PHQ_iowa_registerPage
The method setPassword(String, int, String) is undefined for the type PHQ_iowa_registerPage
The method setConfrmPswrd(String, int, String) is undefined for the type PHQ_iowa_registerPage
The method setMaritalStatus(String, int) is undefined for the type PHQ_iowa_registerPage
The method setEmpStatus(String, int) is undefined for the type PHQ_iowa_registerPage
The method setDob(String, int, String) is undefined for the type PHQ_iowa_registerPage
The method setEmailId(String, int, String) is undefined for the type PHQ_iowa_registerPage
The method setAddress1(String, int, String) is undefined for the type PHQ_iowa_registerPage
The method setAddress2(String, int, String) is undefined for the type PHQ_iowa_registerPage
The method setCity(String, int, String) is undefined for the type PHQ_iowa_registerPage
The method setState(String, int) is undefined for the type PHQ_iowa_registerPage
The method setZip(String, int, String) is undefined for the type PHQ_iowa_registerPage
The method clickOnNext(String, int) is undefined for the type PHQ_iowa_registerPage
The method setSSN(String, int, String) is undefined for the type PHQ_iowa_registerPage
The method setGender(String, int) is undefined for the type PHQ_iowa_registerPage
The method setHeightFt(String, int, String) is undefined for the type PHQ_iowa_registerPage
The method setHeightInch(String, int, String) is undefined for the type PHQ_iowa_registerPage
The method setWeight(String, int, String) is undefined for the type PHQ_iowa_registerPage
The method checkTmbacoLastYr(String, int) is undefined for the type PHQ_iowa_registerPage
The method checkCoverageReq(String, int) is undefined for the type PHQ_iowa_registerPage
The method clickOnHethInsCoverageYes(String, int) is undefined for the type PHQ_iowa_registerPage
The method clickOnNext(String, int) is undefined for the type PHQ_iowa_registerPage
The method clickOnMedConListYes(String, int) is undefined for the type PHQ_iowa_registerPage
The method clickOnMedConListNo(String, int) is undefined for the type PHQ_iowa_registerPage
The method clickOnNext(String, int) is undefined for the type PHQ_iowa_registerPage
The method clickOnNext(String, int) is undefined for the type PHQ_iowa_registerPage
The method clickOnElecSign(String, int) is undefined for the type PHQ_iowa_registerPage
The method clickOnSubmitbtn(String, int) is undefined for the type PHQ_iowa_registerPage
The method verifyRegSubmis(String, int) is undefined for the type PHQ_iowa_registerPage

at com.heroPHQForm.testCases.TC_VerifyRegFormPHQ_IOWA_1MedCondTrtmntYes_003.VerifyRegForm1MedCondTrtmntYes_3(TC_VerifyRegFormPHQ_IOWA_1MedCondTrtmntYes_003.java:44)
at java.base/jdk.internal.reflect.NativeMethodAccessorImpl.invoke0(Native Method)
at java.base/jdk.internal.reflect.NativeMethodAccessorImpl.invoke(NativeMethodAccessorImpl.java:77)
at java.base/jdk.internal.reflect.DelegatingMethodAccessorImpl.invoke(DelegatingMethodAccessorImpl.java:43)
at java.base/java.lang.reflect.Method.invoke(Method.java:568)
at org.testng.internal.MethodInvocationHelper.invokeMethod(MethodInvocationHelper.java:133)
at org.testng.internal.TestInvoker.invokeMethod(TestInvoker.java:598)
at org.testng.internal.TestInvoker.invokeTestMethod(TestInvoker.java:173)
at org.testng.internal.MethodRunner.runInSequence(MethodRunner.java:46)
at org.testng.internal.TestInvoker$MethodInvocationAgent.invoke(TestInvoker.java:824)
at org.testng.internal.TestInvoker.invokeTestMethods(TestInvoker.java:146)
at org.testng.internal.TestMethodWorker.invokeTestMethods(TestMethodWorker.java:146)
at org.testng.internal.TestMethodWorker.run(TestMethodWorker.java:128)
at java.base/java.util.ArrayList.forEach(ArrayList.java:1511)
at org.testng.TestRunner.privateRun(TestRunner.java:794)
at org.testng.TestRunner.run(TestRunner.java:596)
at org.testng.SuiteRunner.runTest(SuiteRunner.java:377)
at org.testng.SuiteRunner.runSequentially(SuiteRunner.java:371)
at org.testng.SuiteRunner.privateRun(SuiteRunner.java:332)
at org.testng.SuiteRunner.run(SuiteRunner.java:276)
at org.testng.SuiteRunnerWorker.runSuite(SuiteRunnerWorker.java:53)
at org.testng.SuiteRunnerWorker.run(SuiteRunnerWorker.java:96)
at org.testng.TestNG.runSuitesSequentially(TestNG.java:1212)
at org.testng.TestNG.runSuitesLocally(TestNG.java:1134)
at org.testng.TestNG.runSuites(TestNG.java:1063)
at org.testng.TestNG.run(TestNG.java:1031)
at org.testng.remote.AbstractRemoteTestNG.run(AbstractRemoteTestNG.java:115)
at org.testng.remote.RemoteTestNG.initAndRun(RemoteTestNG.java:251)
at org.testng.remote.RemoteTestNG.main(RemoteTestNG.java:77)
]]>
    </error>
  </testcase> <!-- VerifyRegForm1MedCondTrtmntYes_3 -->
  <system-out/>
</testsuite> <!-- com.heroPHQForm.testCases.TC_VerifyRegFormPHQ_IOWA_1MedCondTrtmntYes_003 -->
