<?xml version="1.0" encoding="UTF-8"?>
<!-- Generated by org.testng.reporters.JUnitReportReporter -->
<testsuite skipped="0" hostname="DESKTOP-72RT92K" name="com.hero.testCases.ValidationCustomFieldsManagementTestCase" tests="1" failures="0" timestamp="2021-09-22T10:39:30 IST" time="23.775" errors="0">
  <testcase name="CheckValidationCustomFieldsManagementTest" time="23.775" classname="com.hero.testCases.ValidationCustomFieldsManagementTestCase"/>
  <system-out/>
</testsuite> <!-- com.hero.testCases.ValidationCustomFieldsManagementTestCase -->
