<?xml version="1.0" encoding="UTF-8"?>
<!-- Generated by org.testng.reporters.JUnitReportReporter -->
<testsuite hostname="EMLPT0033" failures="0" tests="1" name="com.hero.testCasesMK.addCarrierTestCase" time="103.881" errors="0" timestamp="2021-10-22T12:44:33 IST" skipped="0">
  <testcase classname="com.hero.testCasesMK.addCarrierTestCase" name="addCarrierTest" time="103.881"/>
  <system-out/>
</testsuite> <!-- com.hero.testCasesMK.addCarrierTestCase -->
