<?xml version="1.0" encoding="UTF-8"?>
<!-- Generated by org.testng.reporters.JUnitReportReporter -->
<testsuite skipped="0" hostname="DESKTOP-72RT92K" name="com.hero.testCasesMK.EditPeoFullFeaturesTestCase" tests="1" failures="0" timestamp="2021-09-14T09:52:23 IST" time="112.129" errors="0">
  <testcase name="verifyRegWithSpousePln" time="112.129" classname="com.hero.testCasesMK.EditPeoFullFeaturesTestCase"/>
  <system-out/>
</testsuite> <!-- com.hero.testCasesMK.EditPeoFullFeaturesTestCase -->
