<?xml version="1.0" encoding="UTF-8"?>
<!-- Generated by org.testng.reporters.JUnitReportReporter -->
<testsuite skipped="0" hostname="DESKTOP-72RT92K" name="com.GHQHero.testCases.TC01_GHQ_Test" tests="1" failures="0" timestamp="2021-02-23T17:11:39 IST" time="13.160" errors="0">
  <testcase name="verifyRegWithSpousePln" time="13.160" classname="com.GHQHero.testCases.TC01_GHQ_Test"/>
  <system-out/>
</testsuite> <!-- com.GHQHero.testCases.TC01_GHQ_Test -->
