<?xml version="1.0" encoding="UTF-8"?>
<!-- Generated by org.testng.reporters.JUnitReportReporter -->
<testsuite skipped="0" hostname="EMLPT0033" name="com.heroApplication.testCases.EditCompanyTestCase" tests="1" failures="0" timestamp="2022-03-17T12:57:04 IST" time="66.514" errors="0">
  <testcase name="verifyRegWithSpousePln" time="66.514" classname="com.heroApplication.testCases.EditCompanyTestCase"/>
  <system-out/>
</testsuite> <!-- com.heroApplication.testCases.EditCompanyTestCase -->
