<?xml version="1.0" encoding="UTF-8"?>
<!-- Generated by org.testng.reporters.JUnitReportReporter -->
<testsuite skipped="0" hostname="DESKTOP-72RT92K" name="com.hero.testCases.YesNo_3rdPage" tests="1" failures="0" timestamp="2020-08-15T21:46:46 IST" time="9.817" errors="0">
  <testcase name="Test001" time="9.817" classname="com.hero.testCases.YesNo_3rdPage"/>
  <system-out/>
</testsuite> <!-- com.hero.testCases.YesNo_3rdPage -->
