<?xml version="1.0" encoding="UTF-8"?>
<!-- Generated by org.testng.reporters.JUnitReportReporter -->
<testsuite skipped="0" hostname="DESKTOP-72RT92K" name="com.Guru99APP.Utility.Readconfig" tests="1" failures="0" timestamp="2020-05-18T13:22:21 IST" time="0.015" errors="0">
  <testcase name="Check" time="0.015" classname="com.Guru99APP.Utility.Readconfig"/>
  <system-out/>
</testsuite> <!-- com.Guru99APP.Utility.Readconfig -->
