<?xml version="1.0" encoding="UTF-8"?>
<!-- Generated by org.testng.reporters.JUnitReportReporter -->
<testsuite hostname="EMLPT0033" failures="0" tests="1" name="com.hero.testCasesSD.FormsTestCase" time="91.935" errors="0" timestamp="2022-03-10T11:28:51 IST" skipped="0">
  <testcase classname="com.hero.testCasesSD.FormsTestCase" name="forms" time="91.935"/>
  <system-out/>
</testsuite> <!-- com.hero.testCasesSD.FormsTestCase -->
