<?xml version="1.0" encoding="UTF-8"?>
<!-- Generated by org.testng.reporters.JUnitReportReporter -->
<testsuite skipped="0" hostname="DESKTOP-72RT92K" name="com.hero.testCases.TC_RegSelMedicare_011" tests="1" failures="0" timestamp="2021-09-22T13:11:02 IST" time="46.650" errors="0">
  <testcase name="verifyRegWithMedicare" time="46.650" classname="com.hero.testCases.TC_RegSelMedicare_011"/>
  <system-out/>
</testsuite> <!-- com.hero.testCases.TC_RegSelMedicare_011 -->
