<?xml version="1.0" encoding="UTF-8"?>
<!-- Generated by org.testng.reporters.JUnitReportReporter -->
<testsuite hostname="EMLPT0033" failures="0" tests="1" name="com.heroApplication.testCases.StartQuoteTestCaseCurv" time="36.964" errors="0" timestamp="2022-03-23T15:49:31 IST" skipped="0">
  <testcase classname="com.heroApplication.testCases.StartQuoteTestCaseCurv" name="verifyRegWithSpousePln" time="36.964"/>
  <system-out/>
</testsuite> <!-- com.heroApplication.testCases.StartQuoteTestCaseCurv -->
