<?xml version="1.0" encoding="UTF-8"?>
<!-- Generated by org.testng.reporters.JUnitReportReporter -->
<testsuite hostname="EMLPT0033" failures="0" tests="1" name="com.hero.testCasesMK.EditPeoFullFeaturesTestCase" time="96.460" errors="0" timestamp="2022-03-09T12:45:37 IST" skipped="0">
  <testcase classname="com.hero.testCasesMK.EditPeoFullFeaturesTestCase" name="verifyRegWithSpousePln" time="96.460"/>
  <system-out/>
</testsuite> <!-- com.hero.testCasesMK.EditPeoFullFeaturesTestCase -->
