<?xml version="1.0" encoding="UTF-8"?>
<!-- Generated by org.testng.reporters.JUnitReportReporter -->
<testsuite skipped="0" hostname="DESKTOP-72RT92K" name="com.hero.testCasesMK.addCarrierTestCase" tests="1" failures="0" timestamp="2021-09-13T17:25:11 IST" time="36.916" errors="0">
  <testcase name="verifyRegWithSpousePln" time="36.916" classname="com.hero.testCasesMK.addCarrierTestCase"/>
  <system-out/>
</testsuite> <!-- com.hero.testCasesMK.addCarrierTestCase -->
