<?xml version="1.0" encoding="UTF-8"?>
<!-- Generated by org.testng.reporters.JUnitReportReporter -->
<testsuite hostname="EMLPT0033" failures="0" tests="1" name="com.heroApplication.testCases.UpdatAlertsAndEmailsTestCase" time="47.451" errors="0" timestamp="2022-03-24T11:23:56 IST" skipped="0">
  <testcase classname="com.heroApplication.testCases.UpdatAlertsAndEmailsTestCase" name="updateAlertsAndEmails" time="47.451"/>
  <system-out/>
</testsuite> <!-- com.heroApplication.testCases.UpdatAlertsAndEmailsTestCase -->
