<?xml version="1.0" encoding="UTF-8"?>
<!-- Generated by org.testng.reporters.JUnitReportReporter -->
<testsuite hostname="EMLPT0033" failures="0" tests="1" name="com.hero.testCasesSD.CompanyDetailPageEmailTestCase" time="92.414" errors="0" timestamp="2022-03-09T15:31:36 IST" skipped="0">
  <testcase classname="com.hero.testCasesSD.CompanyDetailPageEmailTestCase" name="verifyRegWithSpousePln" time="92.414"/>
  <system-out/>
</testsuite> <!-- com.hero.testCasesSD.CompanyDetailPageEmailTestCase -->
