<?xml version="1.0" encoding="UTF-8"?>
<!-- Generated by org.testng.reporters.JUnitReportReporter -->
<testsuite skipped="0" hostname="EMLPT0033" name="com.heroApplication.testCases.CustomFieldManagementAddValueTestCase" tests="1" failures="0" timestamp="2022-03-17T10:45:10 IST" time="21.730" errors="0">
  <testcase name="verifyRegWithSpousePln" time="21.730" classname="com.heroApplication.testCases.CustomFieldManagementAddValueTestCase"/>
  <system-out/>
</testsuite> <!-- com.heroApplication.testCases.CustomFieldManagementAddValueTestCase -->
