<?xml version="1.0" encoding="UTF-8"?>
<!-- Generated by org.testng.reporters.JUnitReportReporter -->
<testsuite skipped="0" hostname="DESKTOP-72RT92K" name="com.hero.testCasesMK.EditCarrierTestCase" tests="1" failures="0" timestamp="2021-09-13T18:29:08 IST" time="52.534" errors="0">
  <testcase name="verifyRegWithSpousePln" time="52.534" classname="com.hero.testCasesMK.EditCarrierTestCase"/>
  <system-out/>
</testsuite> <!-- com.hero.testCasesMK.EditCarrierTestCase -->
