<?xml version="1.0" encoding="UTF-8"?>
<!-- Generated by org.testng.reporters.JUnitReportReporter -->
<testsuite skipped="0" hostname="EMLPT0033" name="com.heroApplication.testCases.EditCustomFieldsManagementTestCase" tests="1" failures="0" timestamp="2022-03-21T11:02:47 IST" time="44.792" errors="0">
  <testcase name="verifyRegWithSpousePln" time="44.792" classname="com.heroApplication.testCases.EditCustomFieldsManagementTestCase"/>
  <system-out/>
</testsuite> <!-- com.heroApplication.testCases.EditCustomFieldsManagementTestCase -->
