<?xml version="1.0" encoding="UTF-8"?>
<!-- Generated by org.testng.reporters.JUnitReportReporter -->
<testsuite skipped="0" hostname="EMLPT0033" name="com.heroApplication.testCases.AddCurvConfigurationTestCase" tests="1" failures="0" timestamp="2022-03-16T08:13:14 IST" time="44.634" errors="0">
  <testcase name="AddCurvConfiguration" time="44.634" classname="com.heroApplication.testCases.AddCurvConfigurationTestCase"/>
  <system-out/>
</testsuite> <!-- com.heroApplication.testCases.AddCurvConfigurationTestCase -->
