<?xml version="1.0" encoding="UTF-8"?>
<!-- Generated by org.testng.reporters.JUnitReportReporter -->
<testsuite skipped="0" hostname="EMLPT0033" name="com.heroApplication.testCases.EmailGPAInvitationTestCase" tests="1" failures="0" timestamp="2022-03-21T13:06:36 IST" time="25.875" errors="0">
  <testcase name="EmailGPAInvitation" time="25.875" classname="com.heroApplication.testCases.EmailGPAInvitationTestCase"/>
  <system-out/>
</testsuite> <!-- com.heroApplication.testCases.EmailGPAInvitationTestCase -->
