<?xml version="1.0" encoding="UTF-8"?>
<!-- Generated by org.testng.reporters.JUnitReportReporter -->
<testsuite skipped="0" hostname="DESKTOP-72RT92K" name="com.Guru99APP.TestCases.Testtt" tests="1" failures="0" timestamp="2020-05-06T03:58:49 IST" time="0.020" errors="0">
  <testcase name="checked" time="0.020" classname="com.Guru99APP.TestCases.Testtt"/>
  <system-out/>
</testsuite> <!-- com.Guru99APP.TestCases.Testtt -->
