<?xml version="1.0" encoding="UTF-8"?>
<!-- Generated by org.testng.reporters.JUnitReportReporter -->
<testsuite hostname="EMLPT0033" failures="0" tests="1" name="com.heroApplication.testCases.CompanyDetailPageEmailTestCase" time="34.925" errors="0" timestamp="2022-03-24T17:15:47 IST" skipped="0">
  <testcase classname="com.heroApplication.testCases.CompanyDetailPageEmailTestCase" name="verifyRegWithSpousePln" time="34.925"/>
  <system-out/>
</testsuite> <!-- com.heroApplication.testCases.CompanyDetailPageEmailTestCase -->
