<?xml version="1.0" encoding="UTF-8"?>
<!-- Generated by org.testng.reporters.JUnitReportReporter -->
<testsuite skipped="0" hostname="DESKTOP-72RT92K" name="com.hero.testCases.TC_selYesOptionRegistorStep3_015" tests="1" failures="0" timestamp="2020-08-26T00:41:39 IST" time="144.846" errors="0">
  <testcase name="verifyRegistration" time="144.846" classname="com.hero.testCases.TC_selYesOptionRegistorStep3_015"/>
  <system-out/>
</testsuite> <!-- com.hero.testCases.TC_selYesOptionRegistorStep3_015 -->
