<?xml version="1.0" encoding="UTF-8"?>
<!-- Generated by org.testng.reporters.JUnitReportReporter -->
<testsuite skipped="0" hostname="DESKTOP-72RT92K" name="Practices.ChildClass" tests="1" failures="0" timestamp="2020-05-07T20:19:41 IST" time="0.019" errors="0">
  <testcase name="Cclass" time="0.019" classname="Practices.ChildClass"/>
  <system-out/>
</testsuite> <!-- Practices.ChildClass -->
