<?xml version="1.0" encoding="UTF-8"?>
<!-- Generated by org.testng.reporters.JUnitReportReporter -->
<testsuite hostname="EMLPT0033" failures="0" tests="1" name="com.heroApplication.testCases.StartQuoteTestCaseSw" time="52.461" errors="0" timestamp="2022-03-24T11:19:57 IST" skipped="0">
  <testcase classname="com.heroApplication.testCases.StartQuoteTestCaseSw" name="verifyRegWithSpousePln" time="52.461"/>
  <system-out/>
</testsuite> <!-- com.heroApplication.testCases.StartQuoteTestCaseSw -->
