<?xml version="1.0" encoding="UTF-8"?>
<!-- Generated by org.testng.reporters.JUnitReportReporter -->
<testsuite skipped="0" hostname="DESKTOP-72RT92K" name="com.hero.testCases.TC_RegSelIndividual_013" tests="1" failures="0" timestamp="2021-09-22T13:11:02 IST" time="51.288" errors="0">
  <testcase name="verifyRegWithIndividual" time="51.288" classname="com.hero.testCases.TC_RegSelIndividual_013"/>
  <system-out/>
</testsuite> <!-- com.hero.testCases.TC_RegSelIndividual_013 -->
